MongoDB connected: 127.0.0.1
pheeX server running on http://localhost:5000
[0mGET /health [32m200[0m 3.080 ms - 35[0m
[0mGET / [36m304[0m 9.393 ms - -[0m
[0mGET /css/style.css [36m304[0m 4.912 ms - -[0m
[0mGET /js/app.js [36m304[0m 5.035 ms - -[0m
[0mGET /assets/hero-pinterest.jpg [36m304[0m 1.659 ms - -[0m
[0mGET /js/api.js [36m304[0m 2.439 ms - -[0m
[0mGET /js/config.js [36m304[0m 4.920 ms - -[0m
[0mGET /favicon.ico [36m304[0m 4.101 ms - -[0m
[0mPOST /api/auth/login [32m200[0m 505.769 ms - 439[0m
[0mGET /api/auth/me [32m200[0m 44.470 ms - 257[0m
[0mGET /uploads/1776799762695-image.jpg [36m304[0m 2.254 ms - -[0m
[0mGET /api/albums?search=&page=1&limit=16 [36m304[0m 73.073 ms - -[0m
[0mGET /api/notifications [32m200[0m 80.709 ms - 1010[0m
[0mGET /uploads/1776800244923-teta.png [32m200[0m 21.692 ms - 143692[0m
[0mGET /api/albums/69e7d0e8f70f767901b62599 [36m304[0m 43.382 ms - -[0m
[0mGET /uploads/1776800031702-serge.jpg [36m304[0m 15.017 ms - -[0m
[0mGET /api/images?albumId=69e7d0e8f70f767901b62599&page=1&limit=100 [32m200[0m 77.964 ms - 1031[0m
[0mPOST /api/albums [32m201[0m 79.045 ms - 487[0m
[0mGET /api/auth/me [36m304[0m 15.740 ms - -[0m
[0mGET /api/albums?search=&page=1&limit=16 [32m200[0m 56.871 ms - 1067[0m
[0mGET /api/notifications [36m304[0m 63.930 ms - -[0m
[0mGET /api/albums/69e869176c8bb74824d1afd5 [32m200[0m 33.632 ms - 506[0m
[0mGET /api/images?albumId=69e869176c8bb74824d1afd5&page=1&limit=100 [32m200[0m 35.304 ms - 75[0m
[0mDELETE /api/albums/69e869176c8bb74824d1afd5 [32m200[0m 33.247 ms - 41[0m
[0mGET /api/auth/me [36m304[0m 12.852 ms - -[0m
[0mGET /api/albums?search=&page=1&limit=16 [32m200[0m 42.992 ms - 589[0m
[0mGET /api/notifications [36m304[0m 50.029 ms - -[0m
[0mGET /api/albums/69e7d0e8f70f767901b62599 [36m304[0m 31.132 ms - -[0m
[0mGET /api/images?albumId=69e7d0e8f70f767901b62599&page=1&limit=100 [36m304[0m 53.101 ms - -[0m
[0mDELETE /api/albums/69e7d0e8f70f767901b62599 [32m200[0m 86.614 ms - 41[0m
[0mGET /api/auth/me [32m200[0m 22.605 ms - 257[0m
[0mGET /api/albums?search=&page=1&limit=16 [32m200[0m 28.366 ms - 74[0m
[0mGET /api/notifications [32m200[0m 30.246 ms - 20[0m
[0mPOST /api/albums [32m201[0m 37.850 ms - 494[0m
[0mGET /api/auth/me [36m304[0m 13.445 ms - -[0m
[0mGET /api/notifications [36m304[0m 26.578 ms - -[0m
[0mGET /api/albums?search=&page=1&limit=16 [32m200[0m 40.464 ms - 558[0m
[0mGET /api/albums/69e869af6c8bb74824d1b021 [32m200[0m 26.627 ms - 513[0m
[0mGET /api/images?albumId=69e869af6c8bb74824d1b021&page=1&limit=100 [32m200[0m 37.605 ms - 75[0m
[0mPOST /api/images [32m201[0m 343.357 ms - 517[0m
[0mGET /api/auth/me [36m304[0m 22.766 ms - -[0m
[0mGET /api/notifications [36m304[0m 33.100 ms - -[0m
[0mGET /api/albums?search=&page=1&limit=16 [32m200[0m 58.792 ms - 637[0m
[0mGET /api/albums/69e869af6c8bb74824d1b021 [32m200[0m 48.713 ms - 737[0m
[0mGET /uploads/images-1776839158501-aefb2d3d-8636-4dba-92b0-e9ac1ef72c6c-img-2445.jpg [32m200[0m 6.554 ms - 3416509[0m
[0mGET /api/images?albumId=69e869af6c8bb74824d1b021&page=1&limit=100 [32m200[0m 56.957 ms - 582[0m
[0mPOST /api/images [32m201[0m 203.289 ms - 519[0m
[0mGET /api/auth/me [36m304[0m 11.115 ms - -[0m
[0mGET /api/notifications [36m304[0m 26.553 ms - -[0m
[0mGET /api/albums?search=&page=1&limit=16 [32m200[0m 38.490 ms - 637[0m
[0mGET /api/albums/69e869af6c8bb74824d1b021 [32m200[0m 36.023 ms - 882[0m
[0mGET /uploads/images-1776839220757-78e264a9-7fd2-4d5f-9ee4-f650f4ba9294-img-2553.jpg [32m200[0m 3.849 ms - 2989793[0m
[0mGET /api/images?albumId=69e869af6c8bb74824d1b021&page=1&limit=100 [32m200[0m 78.817 ms - 1092[0m
[0mPOST /api/auth/register [32m201[0m 291.889 ms - 441[0m
[0mPOST /api/albums [32m201[0m 32.803 ms - 479[0m
[0mPOST /api/auth/register [32m201[0m 270.584 ms - 441[0m
[0mPOST /api/albums [32m201[0m 30.056 ms - 479[0m
[0mPOST /api/images [32m201[0m 85.689 ms - 525[0m
[0mPOST /api/auth/login [32m200[0m 225.379 ms - 441[0m
[0mDELETE /api/albums/69e86ab56c8bb74824d1b081 [32m200[0m 27.272 ms - 41[0m
[0mPOST /api/images [32m201[0m 186.080 ms - 517[0m
[0mGET /api/auth/me [36m304[0m 25.054 ms - -[0m
[0mGET /api/albums?search=&page=1&limit=16 [32m200[0m 48.058 ms - 637[0m
[0mGET /api/notifications [36m304[0m 40.929 ms - -[0m
[0mGET /api/albums/69e869af6c8bb74824d1b021 [32m200[0m 49.901 ms - 1028[0m
[0mGET /api/images?albumId=69e869af6c8bb74824d1b021&page=1&limit=100 [32m200[0m 66.167 ms - 1600[0m
[0mGET /uploads/images-1776839532563-f76dfd80-5434-4f07-a9a3-e8dad926a322-img-2396.jpg [32m200[0m 13.459 ms - 3935498[0m
[0mGET /assets/pheex-logo.svg [32m200[0m 4.305 ms - 3670[0m
[0mGET / [32m200[0m 3.006 ms - 17789[0m
[0mGET /css/style.css [32m200[0m 1.593 ms - 33190[0m
[0mGET /js/app.js [36m304[0m 1.194 ms - -[0m
[0mGET /assets/hero-pinterest.jpg [36m304[0m 1.341 ms - -[0m
[0mGET /assets/pheex-logo.svg [32m200[0m 3.884 ms - 3670[0m
[0mGET /js/api.js [36m304[0m 2.018 ms - -[0m
[0mGET /js/config.js [36m304[0m 8.792 ms - -[0m
[0mGET /uploads/1776799762695-image.jpg [36m304[0m 5.441 ms - -[0m
[0mGET /api/auth/me [36m304[0m 17.569 ms - -[0m
[0mGET /api/notifications [36m304[0m 21.767 ms - -[0m
[0mGET /api/albums?search=&page=1&limit=16 [36m304[0m 31.808 ms - -[0m
[0mGET /assets/pheex-logo.svg [36m304[0m 1.243 ms - -[0m
[0mGET /api/albums/69e869af6c8bb74824d1b021 [36m304[0m 24.325 ms - -[0m
[0mGET /api/images?albumId=69e869af6c8bb74824d1b021&page=1&limit=100 [36m304[0m 29.119 ms - -[0m
[0mGET /uploads/images-1776839532563-f76dfd80-5434-4f07-a9a3-e8dad926a322-img-2396.jpg [32m200[0m 3.973 ms - 3935498[0m
[0mGET /uploads/images-1776839220757-78e264a9-7fd2-4d5f-9ee4-f650f4ba9294-img-2553.jpg [32m200[0m 8.897 ms - 2989793[0m
[0mGET /uploads/images-1776839158501-aefb2d3d-8636-4dba-92b0-e9ac1ef72c6c-img-2445.jpg [32m200[0m 9.820 ms - 3416509[0m
[0mGET / [36m304[0m 2.345 ms - -[0m
[0mGET /css/style.css [36m304[0m 1.696 ms - -[0m
[0mGET /js/app.js [36m304[0m 2.541 ms - -[0m
[0mGET /assets/pheex-logo.svg [36m304[0m 1.238 ms - -[0m
[0mGET /assets/hero-pinterest.jpg [36m304[0m 1.727 ms - -[0m
[0mGET /js/api.js [36m304[0m 0.729 ms - -[0m
[0mGET /js/config.js [36m304[0m 1.200 ms - -[0m
[0mGET /uploads/1776799762695-image.jpg [36m304[0m 2.579 ms - -[0m
[0mGET /api/auth/me [36m304[0m 8.512 ms - -[0m
[0mGET /assets/pheex-logo.svg [36m304[0m 6.603 ms - -[0m
[0mGET /api/notifications [36m304[0m 15.592 ms - -[0m
[0mGET /api/albums?search=&page=1&limit=16 [36m304[0m 20.737 ms - -[0m
[0mGET /uploads/images-1776839532563-f76dfd80-5434-4f07-a9a3-e8dad926a322-img-2396.jpg [36m304[0m 3.759 ms - -[0m
[0mGET /api/albums/69e869af6c8bb74824d1b021 [32m200[0m 18.582 ms - 882[0m
[0mGET /api/images?albumId=69e869af6c8bb74824d1b021&page=1&limit=100 [32m200[0m 18.133 ms - 1092[0m
[0mGET /uploads/images-1776839220757-78e264a9-7fd2-4d5f-9ee4-f650f4ba9294-img-2553.jpg [36m304[0m 0.540 ms - -[0m
[0mGET / [36m304[0m 1.001 ms - -[0m
[0mGET /css/style.css [36m304[0m 0.651 ms - -[0m
[0mGET /assets/pheex-logo.svg [36m304[0m 3.390 ms - -[0m
[0mGET /assets/hero-pinterest.jpg [36m304[0m 4.355 ms - -[0m
[0mGET /js/app.js [36m304[0m 5.244 ms - -[0m
[0mGET /js/api.js [36m304[0m 0.684 ms - -[0m
[0mGET /js/config.js [36m304[0m 1.249 ms - -[0m
[0mGET /uploads/1776799762695-image.jpg [36m304[0m 0.596 ms - -[0m
[0mGET /api/auth/me [36m304[0m 7.260 ms - -[0m
[0mGET /assets/pheex-logo.svg [36m304[0m 0.528 ms - -[0m
[0mGET /api/notifications [36m304[0m 11.835 ms - -[0m
[0mGET /api/albums?search=&page=1&limit=16 [36m304[0m 18.159 ms - -[0m
[0mGET /uploads/images-1776839532563-f76dfd80-5434-4f07-a9a3-e8dad926a322-img-2396.jpg [36m304[0m 3.332 ms - -[0m
[0mGET /api/albums/69e869af6c8bb74824d1b021 [36m304[0m 19.962 ms - -[0m
[0mGET /api/images?albumId=69e869af6c8bb74824d1b021&page=1&limit=100 [36m304[0m 23.663 ms - -[0m
[0mGET /uploads/images-1776839220757-78e264a9-7fd2-4d5f-9ee4-f650f4ba9294-img-2553.jpg [36m304[0m 0.788 ms - -[0m
[0mGET / [36m304[0m 2.951 ms - -[0m
[0mGET /css/style.css [36m304[0m 0.698 ms - -[0m
[0mGET /assets/pheex-logo.svg [36m304[0m 1.982 ms - -[0m
[0mGET /assets/hero-pinterest.jpg [36m304[0m 2.902 ms - -[0m
[0mGET /js/app.js [36m304[0m 3.550 ms - -[0m
[0mGET /js/api.js [36m304[0m 1.131 ms - -[0m
[0mGET /js/config.js [36m304[0m 1.892 ms - -[0m
[0mGET /uploads/1776799762695-image.jpg [36m304[0m 2.651 ms - -[0m
[0mGET /api/auth/me [36m304[0m 8.402 ms - -[0m
[0mGET /assets/pheex-logo.svg [36m304[0m 5.345 ms - -[0m
[0mGET /api/notifications [36m304[0m 12.570 ms - -[0m
[0mGET /api/albums?search=&page=1&limit=16 [36m304[0m 18.738 ms - -[0m
[0mGET /uploads/images-1776839532563-f76dfd80-5434-4f07-a9a3-e8dad926a322-img-2396.jpg [36m304[0m 3.467 ms - -[0m
[0mGET /api/albums/69e869af6c8bb74824d1b021 [36m304[0m 16.301 ms - -[0m
[0mGET /api/images?albumId=69e869af6c8bb74824d1b021&page=1&limit=100 [36m304[0m 28.919 ms - -[0m
[0mGET /uploads/images-1776839220757-78e264a9-7fd2-4d5f-9ee4-f650f4ba9294-img-2553.jpg [36m304[0m 1.160 ms - -[0m
[0mGET /api/albums/69e869af6c8bb74824d1b021 [36m304[0m 22.982 ms - -[0m
[0mGET /api/images?albumId=69e869af6c8bb74824d1b021&page=1&limit=100 [36m304[0m 24.132 ms - -[0m
[0mPOST /api/reactions/toggle [32m200[0m 51.079 ms - 99[0m
[0mGET /api/auth/me [36m304[0m 12.618 ms - -[0m
[0mPOST /api/comments [32m201[0m 39.957 ms - 272[0m
[0mGET /api/notifications [36m304[0m 20.660 ms - -[0m
[0mGET /api/auth/me [36m304[0m 19.145 ms - -[0m
[0mPOST /api/auth/logout [32m200[0m 8.461 ms - 38[0m
[0mPOST /api/auth/register [32m201[0m 306.758 ms - 490[0m
[0mGET /api/auth/me [32m200[0m 16.059 ms - 308[0m
[0mGET /api/notifications [36m304[0m 20.339 ms - -[0m
[0mGET /api/albums?search=&page=1&limit=16 [36m304[0m 32.710 ms - -[0m
[0mGET /uploads/images-1776839532563-f76dfd80-5434-4f07-a9a3-e8dad926a322-img-2396.jpg [36m304[0m 2.292 ms - -[0m
[0mGET /api/albums/69e869af6c8bb74824d1b021 [36m304[0m 24.889 ms - -[0m
[0mGET /uploads/profiles-1776850142884-4a158031-0fd9-4e20-a288-723140d39fbd-img-2396.jpg [32m200[0m 3.027 ms - 3935498[0m
[0mGET /api/images?albumId=69e869af6c8bb74824d1b021&page=1&limit=100 [32m200[0m 22.883 ms - 1334[0m
[0mGET /uploads/images-1776839220757-78e264a9-7fd2-4d5f-9ee4-f650f4ba9294-img-2553.jpg [36m304[0m 1.225 ms - -[0m
[0mGET /uploads/1776799762695-image.jpg [36m304[0m 1.078 ms - -[0m
[0mPOST /api/reactions/toggle [32m200[0m 58.580 ms - 99[0m
[0mGET /api/auth/me [36m304[0m 13.018 ms - -[0m
[0mPOST /api/images [32m201[0m 157.755 ms - 572[0m
[0mGET /api/auth/me [36m304[0m 10.112 ms - -[0m
[0mGET /api/notifications [36m304[0m 15.485 ms - -[0m
[0mGET /api/albums?search=&page=1&limit=16 [32m200[0m 27.266 ms - 789[0m
[0mGET /api/albums/69e869af6c8bb74824d1b021 [32m200[0m 18.373 ms - 1180[0m
[0mGET /uploads/images-1776850406118-27e4a757-02c9-4447-b894-bd08943a4cbc-img-2619.jpg [32m200[0m 1.502 ms - 3946158[0m
[0mGET /api/images?albumId=69e869af6c8bb74824d1b021&page=1&limit=100 [32m200[0m 22.759 ms - 1899[0m
[0mPOST /api/reactions/toggle [32m200[0m 57.774 ms - 99[0m
[0mGET /api/auth/me [36m304[0m 19.242 ms - -[0m
[0mPOST /api/images [32m201[0m 139.198 ms - 566[0m
[0mGET /api/auth/me [36m304[0m 11.476 ms - -[0m
[0mGET /api/notifications [36m304[0m 19.621 ms - -[0m
[0mGET /api/albums?search=&page=1&limit=16 [32m200[0m 26.075 ms - 789[0m
[0mGET /uploads/images-1776850603432-441546b2-f975-4e86-876a-e92afe85e62c-img-2315.jpg [32m200[0m 2.163 ms - 3324306[0m
[0mGET /api/albums/69e869af6c8bb74824d1b021 [32m200[0m 13.910 ms - 1180[0m
[0mGET /api/images?albumId=69e869af6c8bb74824d1b021&page=1&limit=100 [32m200[0m 25.754 ms - 2458[0m
[0mPOST /api/images [32m201[0m 133.091 ms - 568[0m
[0mGET /api/auth/me [36m304[0m 10.611 ms - -[0m
[0mGET /api/notifications [36m304[0m 35.643 ms - -[0m
[0mGET /api/albums?search=&page=1&limit=16 [32m200[0m 52.086 ms - 789[0m
[0mGET /uploads/images-1776850647556-3377a66b-07c7-4094-81ac-6f091d80a3bf-img-2633.jpg [32m200[0m 4.095 ms - 3913449[0m
[0mGET /api/albums/69e869af6c8bb74824d1b021 [32m200[0m 23.458 ms - 1180[0m
[0mGET /api/images?albumId=69e869af6c8bb74824d1b021&page=1&limit=100 [32m200[0m 38.600 ms - 3017[0m
[0mPOST /api/auth/logout [32m200[0m 7.950 ms - 38[0m
[0mPOST /api/auth/login [32m200[0m 249.748 ms - 439[0m
[0mGET /api/auth/me [32m200[0m 13.460 ms - 257[0m
[0mGET /uploads/1776799762695-image.jpg [36m304[0m 1.527 ms - -[0m
[0mGET /api/albums?search=&page=1&limit=16 [36m304[0m 34.609 ms - -[0m
[0mGET /api/notifications [32m200[0m 38.407 ms - 2465[0m
[0mGET /uploads/images-1776850647556-3377a66b-07c7-4094-81ac-6f091d80a3bf-img-2633.jpg [36m304[0m 0.687 ms - -[0m
[0mGET /api/albums/69e869af6c8bb74824d1b021 [36m304[0m 18.667 ms - -[0m
[0mGET /api/images?albumId=69e869af6c8bb74824d1b021&page=1&limit=100 [32m200[0m 22.550 ms - 3015[0m
[0mGET /uploads/images-1776850603432-441546b2-f975-4e86-876a-e92afe85e62c-img-2315.jpg [36m304[0m 0.781 ms - -[0m
[0mGET /uploads/images-1776850406118-27e4a757-02c9-4447-b894-bd08943a4cbc-img-2619.jpg [36m304[0m 1.890 ms - -[0m
[0mGET /uploads/images-1776839532563-f76dfd80-5434-4f07-a9a3-e8dad926a322-img-2396.jpg [36m304[0m 1.468 ms - -[0m
[0mGET /uploads/images-1776839220757-78e264a9-7fd2-4d5f-9ee4-f650f4ba9294-img-2553.jpg [36m304[0m 1.017 ms - -[0m
[0mDELETE /api/images/69e896ab6c8bb74824d1b181 [32m200[0m 59.868 ms - 41[0m
[0mGET /api/auth/me [32m200[0m 12.586 ms - 257[0m
[0mGET /api/albums?search=&page=1&limit=16 [32m200[0m 54.870 ms - 789[0m
[0mGET /api/notifications [32m200[0m 59.506 ms - 1847[0m
[0mGET /api/albums/69e869af6c8bb74824d1b021 [32m200[0m 28.779 ms - 1181[0m
[0mGET /api/images?albumId=69e869af6c8bb74824d1b021&page=1&limit=100 [32m200[0m 28.900 ms - 2458[0m
[0mPUT /api/notifications/read-all [32m200[0m 15.382 ms - 43[0m
[0mGET /api/auth/me [32m200[0m 11.272 ms - 257[0m
[0mGET /api/notifications [32m200[0m 21.790 ms - 1844[0m
[0mPUT /api/notifications/read-all [32m200[0m 14.797 ms - 43[0m
[0mGET /api/auth/me [36m304[0m 19.049 ms - -[0m
[0mGET /api/notifications [36m304[0m 31.590 ms - -[0m
[0mGET / [36m304[0m 3.437 ms - -[0m
[0mGET /css/style.css [36m304[0m 1.945 ms - -[0m
[0mGET /js/app.js [36m304[0m 2.463 ms - -[0m
[0mGET /assets/hero-pinterest.jpg [36m304[0m 1.628 ms - -[0m
[0mGET /assets/pheex-logo.svg [36m304[0m 3.057 ms - -[0m
[0mGET /js/api.js [36m304[0m 1.395 ms - -[0m
[0mGET /js/config.js [36m304[0m 2.430 ms - -[0m
[0mGET /uploads/1776799762695-image.jpg [36m304[0m 5.521 ms - -[0m
[0mGET /api/auth/me [36m304[0m 12.646 ms - -[0m
[0mGET /api/albums?search=&page=1&limit=16 [36m304[0m 32.058 ms - -[0m
[0mGET /api/notifications [36m304[0m 37.050 ms - -[0m
[0mGET /assets/pheex-logo.svg [36m304[0m 17.724 ms - -[0m
[0mGET /api/albums/69e869af6c8bb74824d1b021 [36m304[0m 21.283 ms - -[0m
[0mGET /uploads/images-1776850647556-3377a66b-07c7-4094-81ac-6f091d80a3bf-img-2633.jpg [36m304[0m 1.137 ms - -[0m
[0mGET /api/images?albumId=69e869af6c8bb74824d1b021&page=1&limit=100 [32m200[0m 35.972 ms - 1948[0m
[0mGET /uploads/profiles-1776850142884-4a158031-0fd9-4e20-a288-723140d39fbd-img-2396.jpg [32m200[0m 12.380 ms - 3935498[0m
[0mGET /uploads/images-1776839532563-f76dfd80-5434-4f07-a9a3-e8dad926a322-img-2396.jpg [36m304[0m 1.350 ms - -[0m
[0mGET /uploads/images-1776850406118-27e4a757-02c9-4447-b894-bd08943a4cbc-img-2619.jpg [36m304[0m 2.074 ms - -[0m
[0mGET / [36m304[0m 1.784 ms - -[0m
[0mGET /css/style.css [36m304[0m 2.171 ms - -[0m
[0mGET /js/app.js [36m304[0m 3.252 ms - -[0m
[0mGET /assets/pheex-logo.svg [36m304[0m 2.820 ms - -[0m
[0mGET /assets/hero-pinterest.jpg [36m304[0m 3.645 ms - -[0m
[0mGET /js/api.js [36m304[0m 0.950 ms - -[0m
[0mGET /js/config.js [36m304[0m 1.524 ms - -[0m
[0mGET /uploads/1776799762695-image.jpg [36m304[0m 2.728 ms - -[0m
[0mGET /api/auth/me [36m304[0m 7.623 ms - -[0m
[0mGET /assets/pheex-logo.svg [36m304[0m 3.444 ms - -[0m
[0mGET /api/albums?search=&page=1&limit=16 [36m304[0m 26.348 ms - -[0m
[0mGET /api/notifications [36m304[0m 26.940 ms - -[0m
[0mGET /uploads/images-1776850647556-3377a66b-07c7-4094-81ac-6f091d80a3bf-img-2633.jpg [36m304[0m 0.887 ms - -[0m
[0mGET /uploads/profiles-1776850142884-4a158031-0fd9-4e20-a288-723140d39fbd-img-2396.jpg [36m304[0m 3.951 ms - -[0m
[0mGET /api/albums/69e869af6c8bb74824d1b021 [36m304[0m 30.050 ms - -[0m
[0mGET /api/images?albumId=69e869af6c8bb74824d1b021&page=1&limit=100 [36m304[0m 27.125 ms - -[0m
[0mGET /uploads/images-1776850406118-27e4a757-02c9-4447-b894-bd08943a4cbc-img-2619.jpg [36m304[0m 2.313 ms - -[0m
[0mGET /uploads/images-1776839532563-f76dfd80-5434-4f07-a9a3-e8dad926a322-img-2396.jpg [36m304[0m 3.434 ms - -[0m
[0mGET / [36m304[0m 2.592 ms - -[0m
[0mGET /css/style.css [32m200[0m 3.061 ms - 33953[0m
[0mGET /js/app.js [32m200[0m 4.001 ms - 32670[0m
[0mGET /assets/pheex-logo.svg [36m304[0m 1.263 ms - -[0m
[0mGET /assets/hero-pinterest.jpg [36m304[0m 2.273 ms - -[0m
[0mGET /js/api.js [36m304[0m 1.330 ms - -[0m
[0mGET /js/config.js [36m304[0m 2.541 ms - -[0m
[0mGET /uploads/1776799762695-image.jpg [36m304[0m 2.934 ms - -[0m
[0mGET /api/auth/me [36m304[0m 7.066 ms - -[0m
[0mGET /api/albums?search=&page=1&limit=16 [36m304[0m 23.304 ms - -[0m
[0mGET /api/notifications [36m304[0m 27.511 ms - -[0m
[0mGET /assets/pheex-logo.svg [36m304[0m 10.300 ms - -[0m
[0mGET /uploads/profiles-1776850142884-4a158031-0fd9-4e20-a288-723140d39fbd-img-2396.jpg [36m304[0m 4.200 ms - -[0m
[0mGET /api/albums/69e869af6c8bb74824d1b021 [36m304[0m 28.332 ms - -[0m
[0mGET /uploads/images-1776850647556-3377a66b-07c7-4094-81ac-6f091d80a3bf-img-2633.jpg [36m304[0m 5.111 ms - -[0m
[0mGET /api/images?albumId=69e869af6c8bb74824d1b021&page=1&limit=100 [36m304[0m 22.747 ms - -[0m
[0mGET /uploads/images-1776850406118-27e4a757-02c9-4447-b894-bd08943a4cbc-img-2619.jpg [36m304[0m 2.959 ms - -[0m
[0mGET /uploads/images-1776839532563-f76dfd80-5434-4f07-a9a3-e8dad926a322-img-2396.jpg [36m304[0m 6.220 ms - -[0m
[0mGET / [36m304[0m 1.076 ms - -[0m
[0mGET /css/style.css [32m200[0m 2.052 ms - 34273[0m
[0mGET /assets/hero-pinterest.jpg [36m304[0m 1.668 ms - -[0m
[0mGET /assets/pheex-logo.svg [36m304[0m 3.084 ms - -[0m
[0mGET /js/app.js [32m200[0m 8.030 ms - 32740[0m
[0mGET /js/api.js [36m304[0m 1.858 ms - -[0m
[0mGET /js/config.js [36m304[0m 1.794 ms - -[0m
[0mGET /uploads/1776799762695-image.jpg [36m304[0m 2.947 ms - -[0m
[0mGET /api/auth/me [36m304[0m 9.652 ms - -[0m
[0mGET /assets/pheex-logo.svg [36m304[0m 6.308 ms - -[0m
[0mGET /api/albums?search=&page=1&limit=16 [36m304[0m 29.067 ms - -[0m
[0mGET /api/notifications [36m304[0m 35.064 ms - -[0m
[0mGET /uploads/profiles-1776850142884-4a158031-0fd9-4e20-a288-723140d39fbd-img-2396.jpg [36m304[0m 5.420 ms - -[0m
[0mGET /uploads/images-1776850647556-3377a66b-07c7-4094-81ac-6f091d80a3bf-img-2633.jpg [36m304[0m 5.680 ms - -[0m
[0mGET /api/albums/69e869af6c8bb74824d1b021 [36m304[0m 28.400 ms - -[0m
[0mGET /api/images?albumId=69e869af6c8bb74824d1b021&page=1&limit=100 [36m304[0m 28.565 ms - -[0m
[0mGET /uploads/images-1776850406118-27e4a757-02c9-4447-b894-bd08943a4cbc-img-2619.jpg [36m304[0m 1.524 ms - -[0m
[0mGET /uploads/images-1776839532563-f76dfd80-5434-4f07-a9a3-e8dad926a322-img-2396.jpg [36m304[0m 2.775 ms - -[0m
[0mPOST /api/auth/logout [32m200[0m 9.628 ms - 38[0m
[0mPOST /api/auth/login [32m200[0m 327.057 ms - 490[0m
[0mGET /api/auth/me [32m200[0m 14.451 ms - 308[0m
[0mGET /uploads/profiles-1776850142884-4a158031-0fd9-4e20-a288-723140d39fbd-img-2396.jpg [36m304[0m 1.097 ms - -[0m
[0mGET /api/notifications [32m200[0m 19.302 ms - 20[0m
[0mGET /api/albums?search=&page=1&limit=16 [36m304[0m 31.637 ms - -[0m
[0mGET /api/albums/69e869af6c8bb74824d1b021 [36m304[0m 25.948 ms - -[0m
[0mGET /uploads/images-1776850647556-3377a66b-07c7-4094-81ac-6f091d80a3bf-img-2633.jpg [36m304[0m 4.031 ms - -[0m
[0mGET /api/images?albumId=69e869af6c8bb74824d1b021&page=1&limit=100 [32m200[0m 39.500 ms - 1950[0m
[0mGET /uploads/images-1776850406118-27e4a757-02c9-4447-b894-bd08943a4cbc-img-2619.jpg [36m304[0m 3.333 ms - -[0m
[0mGET /uploads/images-1776839532563-f76dfd80-5434-4f07-a9a3-e8dad926a322-img-2396.jpg [36m304[0m 5.988 ms - -[0m
[0mGET /uploads/1776799762695-image.jpg [36m304[0m 1.537 ms - -[0m
[0mGET / [36m304[0m 1.550 ms - -[0m
[0mGET /css/style.css [36m304[0m 2.837 ms - -[0m
[0mGET /js/app.js [36m304[0m 3.992 ms - -[0m
[0mGET /assets/pheex-logo.svg [36m304[0m 2.697 ms - -[0m
[0mGET /assets/hero-pinterest.jpg [36m304[0m 3.262 ms - -[0m
[0mGET /js/api.js [36m304[0m 1.590 ms - -[0m
[0mGET /js/config.js [36m304[0m 2.099 ms - -[0m
[0mGET /uploads/profiles-1776850142884-4a158031-0fd9-4e20-a288-723140d39fbd-img-2396.jpg [36m304[0m 5.523 ms - -[0m
[0mGET /api/auth/me [36m304[0m 14.827 ms - -[0m
[0mGET /assets/pheex-logo.svg [36m304[0m 10.177 ms - -[0m
[0mGET /api/notifications [36m304[0m 23.725 ms - -[0m
[0mGET /api/albums?search=&page=1&limit=16 [36m304[0m 33.265 ms - -[0m
[0mGET /uploads/images-1776850647556-3377a66b-07c7-4094-81ac-6f091d80a3bf-img-2633.jpg [36m304[0m 3.414 ms - -[0m
[0mGET /api/albums/69e869af6c8bb74824d1b021 [36m304[0m 18.813 ms - -[0m
[0mGET /api/images?albumId=69e869af6c8bb74824d1b021&page=1&limit=100 [36m304[0m 32.318 ms - -[0m
[0mGET /uploads/images-1776850406118-27e4a757-02c9-4447-b894-bd08943a4cbc-img-2619.jpg [36m304[0m 2.784 ms - -[0m
[0mGET /uploads/images-1776839532563-f76dfd80-5434-4f07-a9a3-e8dad926a322-img-2396.jpg [36m304[0m 6.295 ms - -[0m
[0mGET / [36m304[0m 1.726 ms - -[0m
[0mGET /css/style.css [36m304[0m 1.801 ms - -[0m
[0mGET /js/app.js [36m304[0m 4.428 ms - -[0m
[0mGET /assets/pheex-logo.svg [36m304[0m 2.366 ms - -[0m
[0mGET /assets/hero-pinterest.jpg [36m304[0m 3.433 ms - -[0m
[0mGET /js/api.js [36m304[0m 2.305 ms - -[0m
[0mGET /js/config.js [36m304[0m 2.115 ms - -[0m
[0mGET /uploads/profiles-1776850142884-4a158031-0fd9-4e20-a288-723140d39fbd-img-2396.jpg [36m304[0m 3.531 ms - -[0m
[0mGET /api/auth/me [36m304[0m 8.708 ms - -[0m
[0mGET /assets/pheex-logo.svg [36m304[0m 5.209 ms - -[0m
[0mGET /api/notifications [36m304[0m 14.575 ms - -[0m
[0mGET /api/albums?search=&page=1&limit=16 [36m304[0m 22.067 ms - -[0m
[0mGET /uploads/images-1776850647556-3377a66b-07c7-4094-81ac-6f091d80a3bf-img-2633.jpg [36m304[0m 3.967 ms - -[0m
[0mGET /api/albums/69e869af6c8bb74824d1b021 [36m304[0m 17.961 ms - -[0m
[0mGET /api/images?albumId=69e869af6c8bb74824d1b021&page=1&limit=100 [36m304[0m 23.621 ms - -[0m
[0mGET /uploads/images-1776850406118-27e4a757-02c9-4447-b894-bd08943a4cbc-img-2619.jpg [36m304[0m 1.906 ms - -[0m
[0mGET /uploads/images-1776839532563-f76dfd80-5434-4f07-a9a3-e8dad926a322-img-2396.jpg [36m304[0m 2.342 ms - -[0m
[0mGET /uploads/1776799762695-image.jpg [36m304[0m 0.886 ms - -[0m
